<?xml version="1.0" encoding="UTF-8"?>
<testsuite xmlns:xsi="http://www.w3.org/2001/XMLSchema-instance" xsi:noNamespaceSchemaLocation="https://maven.apache.org/surefire/maven-surefire-plugin/xsd/surefire-test-report-3.0.xsd" version="3.0" name="org.mps.boundedqueue.ArrayBoundedQueueTest" time="0.171" tests="13" errors="0" skipped="0" failures="0">
  <properties>
[...]
</properties>
  <testcase name="testGetFromEmptyQueue" classname="org.mps.boundedqueue.ArrayBoundedQueueTest" time="0.121"/>
  <testcase name="testGetFirst" classname="org.mps.boundedqueue.ArrayBoundedQueueTest" time="0.004"/>
  <testcase name="testSize" classname="org.mps.boundedqueue.ArrayBoundedQueueTest" time="0.0"/>
  <testcase name="testNullElement" classname="org.mps.boundedqueue.ArrayBoundedQueueTest" time="0.001"/>
  <testcase name="testPutToFullQueue" classname="org.mps.boundedqueue.ArrayBoundedQueueTest" time="0.001"/>
  <testcase name="testGetLast" classname="org.mps.boundedqueue.ArrayBoundedQueueTest" time="0.001"/>
  <testcase name="testPutAndGet" classname="org.mps.boundedqueue.ArrayBoundedQueueTest" time="0.001"/>
  <testcase name="testNegativeCapacity" classname="org.mps.boundedqueue.ArrayBoundedQueueTest" time="0.0"/>
  <testcase name="testIteratorEmptyQueue" classname="org.mps.boundedqueue.ArrayBoundedQueueTest" time="0.01"/>
  <testcase name="testIsFull" classname="org.mps.boundedqueue.ArrayBoundedQueueTest" time="0.002"/>
  <testcase name="testIsEmpty" classname="org.mps.boundedqueue.ArrayBoundedQueueTest" time="0.0"/>
  <testcase name="testIteratorNextOnEmptyQueue" classname="org.mps.boundedqueue.ArrayBoundedQueueTest" time="0.001"/>
  <testcase name="testIterator" classname="org.mps.boundedqueue.ArrayBoundedQueueTest" time="0.002"/>
</testsuite>