<?xml version="1.0" encoding="UTF-8"?>
<testsuite xmlns:xsi="http://www.w3.org/2001/XMLSchema-instance" xsi:noNamespaceSchemaLocation="https://maven.apache.org/surefire/maven-surefire-plugin/xsd/surefire-test-report-3.0.xsd" version="3.0" name="org.mps.EvolutionaryAlgorithmTest$SelectionOperatorTest" time="0.014" tests="5" errors="0" skipped="0" failures="0">
  <properties>
[...]
</properties>
  <testcase name="testGetSelectionOperator" classname="org.mps.EvolutionaryAlgorithmTest$SelectionOperatorTest" time="0.0"/>
  <testcase name="testTournamentSelectionNegativeSize" classname="org.mps.EvolutionaryAlgorithmTest$SelectionOperatorTest" time="0.001"/>
  <testcase name="testSelectWithEmptyPopulation" classname="org.mps.EvolutionaryAlgorithmTest$SelectionOperatorTest" time="0.002"/>
  <testcase name="testSetSelectionOperator" classname="org.mps.EvolutionaryAlgorithmTest$SelectionOperatorTest" time="0.001"/>
  <testcase name="testSelectWithNullPopulation" classname="org.mps.EvolutionaryAlgorithmTest$SelectionOperatorTest" time="0.003"/>
</testsuite>