<?xml version="1.0" encoding="UTF-8" standalone="yes"?><!DOCTYPE report PUBLIC "-//JACOCO//DTD Report 1.1//EN" "report.dtd"><report name="mps4"><sessioninfo id="R2-D2-c121f823" start="1717965924563" dump="1717965925555"/><sessioninfo id="R2-D2-d4d33ad" start="1717966008793" dump="1717966009828"/><sessioninfo id="R2-D2-a9198b76" start="1717966106079" dump="1717966107107"/><sessioninfo id="R2-D2-5298d159" start="1717968327032" dump="1717968328718"/><sessioninfo id="R2-D2-36b3540c" start="1717968361002" dump="1717968362732"/><sessioninfo id="R2-D2-5decb416" start="1717968405453" dump="1717968407134"/><sessioninfo id="R2-D2-c706bf1e" start="1717970561784" dump="1717970563617"/><package name="org/mps/mutation"><class name="org/mps/mutation/SwapMutation" sourcefilename="SwapMutation.java"><method name="&lt;init&gt;" desc="()V" line="33"><counter type="INSTRUCTION" missed="0" covered="8"/><counter type="LINE" missed="0" covered="3"/><counter type="COMPLEXITY" missed="0" covered="1"/><counter type="METHOD" missed="0" covered="1"/></method><method name="mutate" desc="([I)[I" line="40"><counter type="INSTRUCTION" missed="0" covered="43"/><counter type="BRANCH" missed="0" covered="4"/><counter type="LINE" missed="0" covered="10"/><counter type="COMPLEXITY" missed="0" covered="3"/><counter type="METHOD" missed="0" covered="1"/></method><counter type="INSTRUCTION" missed="0" covered="51"/><counter type="BRANCH" missed="0" covered="4"/><counter type="LINE" missed="0" covered="13"/><counter type="COMPLEXITY" missed="0" covered="4"/><counter type="METHOD" missed="0" covered="2"/><counter type="CLASS" missed="0" covered="1"/></class><class name="org/mps/mutation/MutationOperator" sourcefilename="MutationOperator.java"/><sourcefile name="SwapMutation.java"><line nr="33" mi="0" ci="2" mb="0" cb="0"/><line nr="34" mi="0" ci="5" mb="0" cb="0"/><line nr="35" mi="0" ci="1" mb="0" cb="0"/><line nr="40" mi="0" ci="5" mb="0" cb="4"/><line nr="41" mi="0" ci="4" mb="0" cb="0"/><line nr="42" mi="0" ci="6" mb="0" cb="0"/><line nr="43" mi="0" ci="6" mb="0" cb="0"/><line nr="45" mi="0" ci="4" mb="0" cb="0"/><line nr="46" mi="0" ci="6" mb="0" cb="0"/><line nr="47" mi="0" ci="4" mb="0" cb="0"/><line nr="48" mi="0" ci="1" mb="0" cb="0"/><line nr="49" mi="0" ci="5" mb="0" cb="0"/><line nr="51" mi="0" ci="2" mb="0" cb="0"/><counter type="INSTRUCTION" missed="0" covered="51"/><counter type="BRANCH" missed="0" covered="4"/><counter type="LINE" missed="0" covered="13"/><counter type="COMPLEXITY" missed="0" covered="4"/><counter type="METHOD" missed="0" covered="2"/><counter type="CLASS" missed="0" covered="1"/></sourcefile><sourcefile name="MutationOperator.java"/><counter type="INSTRUCTION" missed="0" covered="51"/><counter type="BRANCH" missed="0" covered="4"/><counter type="LINE" missed="0" covered="13"/><counter type="COMPLEXITY" missed="0" covered="4"/><counter type="METHOD" missed="0" covered="2"/><counter type="CLASS" missed="0" covered="1"/></package><package name="org/mps/crossover"><class name="org/mps/crossover/CrossoverOperator" sourcefilename="CrossoverOperator.java"/><class name="org/mps/crossover/OnePointCrossover" sourcefilename="OnePointCrossover.java"><method name="&lt;init&gt;" desc="()V" line="30"><counter type="INSTRUCTION" missed="0" covered="8"/><counter type="LINE" missed="0" covered="3"/><counter type="COMPLEXITY" missed="0" covered="1"/><counter type="METHOD" missed="0" covered="1"/></method><method name="crossover" desc="([I[I)[[I" line="36"><counter type="INSTRUCTION" missed="0" covered="84"/><counter type="BRANCH" missed="0" covered="12"/><counter type="LINE" missed="0" covered="13"/><counter type="COMPLEXITY" missed="0" covered="7"/><counter type="METHOD" missed="0" covered="1"/></method><counter type="INSTRUCTION" missed="0" covered="92"/><counter type="BRANCH" missed="0" covered="12"/><counter type="LINE" missed="0" covered="16"/><counter type="COMPLEXITY" missed="0" covered="8"/><counter type="METHOD" missed="0" covered="2"/><counter type="CLASS" missed="0" covered="1"/></class><sourcefile name="OnePointCrossover.java"><line nr="30" mi="0" ci="2" mb="0" cb="0"/><line nr="31" mi="0" ci="5" mb="0" cb="0"/><line nr="32" mi="0" ci="1" mb="0" cb="0"/><line nr="36" mi="0" ci="2" mb="0" cb="0"/><line nr="37" mi="0" ci="12" mb="0" cb="8"/><line nr="38" mi="0" ci="5" mb="0" cb="0"/><line nr="39" mi="0" ci="10" mb="0" cb="0"/><line nr="41" mi="0" ci="7" mb="0" cb="2"/><line nr="42" mi="0" ci="8" mb="0" cb="0"/><line nr="43" mi="0" ci="8" mb="0" cb="0"/><line nr="45" mi="0" ci="8" mb="0" cb="2"/><line nr="46" mi="0" ci="8" mb="0" cb="0"/><line nr="47" mi="0" ci="8" mb="0" cb="0"/><line nr="49" mi="0" ci="1" mb="0" cb="0"/><line nr="50" mi="0" ci="5" mb="0" cb="0"/><line nr="52" mi="0" ci="2" mb="0" cb="0"/><counter type="INSTRUCTION" missed="0" covered="92"/><counter type="BRANCH" missed="0" covered="12"/><counter type="LINE" missed="0" covered="16"/><counter type="COMPLEXITY" missed="0" covered="8"/><counter type="METHOD" missed="0" covered="2"/><counter type="CLASS" missed="0" covered="1"/></sourcefile><sourcefile name="CrossoverOperator.java"/><counter type="INSTRUCTION" missed="0" covered="92"/><counter type="BRANCH" missed="0" covered="12"/><counter type="LINE" missed="0" covered="16"/><counter type="COMPLEXITY" missed="0" covered="8"/><counter type="METHOD" missed="0" covered="2"/><counter type="CLASS" missed="0" covered="1"/></package><package name="org/mps"><class name="org/mps/EvolutionaryAlgorithmException" sourcefilename="EvolutionaryAlgorithmException.java"><method name="&lt;init&gt;" desc="()V" line="5"><counter type="INSTRUCTION" missed="3" covered="0"/><counter type="LINE" missed="2" covered="0"/><counter type="COMPLEXITY" missed="1" covered="0"/><counter type="METHOD" missed="1" covered="0"/></method><method name="&lt;init&gt;" desc="(Ljava/lang/String;)V" line="8"><counter type="INSTRUCTION" missed="0" covered="4"/><counter type="LINE" missed="0" covered="2"/><counter type="COMPLEXITY" missed="0" covered="1"/><counter type="METHOD" missed="0" covered="1"/></method><counter type="INSTRUCTION" missed="3" covered="4"/><counter type="LINE" missed="2" covered="2"/><counter type="COMPLEXITY" missed="1" covered="1"/><counter type="METHOD" missed="1" covered="1"/><counter type="CLASS" missed="0" covered="1"/></class><class name="org/mps/EvolutionaryAlgorithm" sourcefilename="EvolutionaryAlgorithm.java"><method name="&lt;init&gt;" desc="(Lorg/mps/selection/SelectionOperator;Lorg/mps/mutation/MutationOperator;Lorg/mps/crossover/CrossoverOperator;)V" line="38"><counter type="INSTRUCTION" missed="0" covered="23"/><counter type="BRANCH" missed="0" covered="6"/><counter type="LINE" missed="0" covered="7"/><counter type="COMPLEXITY" missed="0" covered="4"/><counter type="METHOD" missed="0" covered="1"/></method><method name="getMutationOperator" desc="()Lorg/mps/mutation/MutationOperator;" line="48"><counter type="INSTRUCTION" missed="0" covered="3"/><counter type="LINE" missed="0" covered="1"/><counter type="COMPLEXITY" missed="0" covered="1"/><counter type="METHOD" missed="0" covered="1"/></method><method name="setMutationOperator" desc="(Lorg/mps/mutation/MutationOperator;)V" line="52"><counter type="INSTRUCTION" missed="0" covered="4"/><counter type="LINE" missed="0" covered="2"/><counter type="COMPLEXITY" missed="0" covered="1"/><counter type="METHOD" missed="0" covered="1"/></method><method name="optimize" desc="([[I)[[I" line="63"><counter type="INSTRUCTION" missed="0" covered="112"/><counter type="BRANCH" missed="0" covered="16"/><counter type="LINE" missed="0" covered="16"/><counter type="COMPLEXITY" missed="0" covered="9"/><counter type="METHOD" missed="0" covered="1"/></method><method name="better" desc="([I[I)Z" line="102"><counter type="INSTRUCTION" missed="0" covered="31"/><counter type="BRANCH" missed="0" covered="4"/><counter type="LINE" missed="0" covered="6"/><counter type="COMPLEXITY" missed="0" covered="3"/><counter type="METHOD" missed="0" covered="1"/></method><method name="getSelectionOperator" desc="()Lorg/mps/selection/SelectionOperator;" line="112"><counter type="INSTRUCTION" missed="0" covered="3"/><counter type="LINE" missed="0" covered="1"/><counter type="COMPLEXITY" missed="0" covered="1"/><counter type="METHOD" missed="0" covered="1"/></method><method name="setSelectionOperator" desc="(Lorg/mps/selection/SelectionOperator;)V" line="116"><counter type="INSTRUCTION" missed="0" covered="4"/><counter type="LINE" missed="0" covered="2"/><counter type="COMPLEXITY" missed="0" covered="1"/><counter type="METHOD" missed="0" covered="1"/></method><method name="getCrossoverOperator" desc="()Lorg/mps/crossover/CrossoverOperator;" line="120"><counter type="INSTRUCTION" missed="0" covered="3"/><counter type="LINE" missed="0" covered="1"/><counter type="COMPLEXITY" missed="0" covered="1"/><counter type="METHOD" missed="0" covered="1"/></method><method name="setCrossoverOperator" desc="(Lorg/mps/crossover/CrossoverOperator;)V" line="124"><counter type="INSTRUCTION" missed="0" covered="4"/><counter type="LINE" missed="0" covered="2"/><counter type="COMPLEXITY" missed="0" covered="1"/><counter type="METHOD" missed="0" covered="1"/></method><counter type="INSTRUCTION" missed="0" covered="187"/><counter type="BRANCH" missed="0" covered="26"/><counter type="LINE" missed="0" covered="38"/><counter type="COMPLEXITY" missed="0" covered="22"/><counter type="METHOD" missed="0" covered="9"/><counter type="CLASS" missed="0" covered="1"/></class><sourcefile name="EvolutionaryAlgorithmException.java"><line nr="5" mi="2" ci="0" mb="0" cb="0"/><line nr="6" mi="1" ci="0" mb="0" cb="0"/><line nr="8" mi="0" ci="3" mb="0" cb="0"/><line nr="9" mi="0" ci="1" mb="0" cb="0"/><counter type="INSTRUCTION" missed="3" covered="4"/><counter type="LINE" missed="2" covered="2"/><counter type="COMPLEXITY" missed="1" covered="1"/><counter type="METHOD" missed="1" covered="1"/><counter type="CLASS" missed="0" covered="1"/></sourcefile><sourcefile name="EvolutionaryAlgorithm.java"><line nr="38" mi="0" ci="2" mb="0" cb="0"/><line nr="39" mi="0" ci="6" mb="0" cb="6"/><line nr="40" mi="0" ci="5" mb="0" cb="0"/><line nr="42" mi="0" ci="3" mb="0" cb="0"/><line nr="43" mi="0" ci="3" mb="0" cb="0"/><line nr="44" mi="0" ci="3" mb="0" cb="0"/><line nr="45" mi="0" ci="1" mb="0" cb="0"/><line nr="48" mi="0" ci="3" mb="0" cb="0"/><line nr="52" mi="0" ci="3" mb="0" cb="0"/><line nr="53" mi="0" ci="1" mb="0" cb="0"/><line nr="63" mi="0" ci="14" mb="0" cb="8"/><line nr="65" mi="0" ci="6" mb="0" cb="0"/><line nr="68" mi="0" ci="8" mb="0" cb="2"/><line nr="70" mi="0" ci="7" mb="0" cb="0"/><line nr="71" mi="0" ci="9" mb="0" cb="0"/><line nr="74" mi="0" ci="6" mb="0" cb="0"/><line nr="75" mi="0" ci="6" mb="0" cb="0"/><line nr="76" mi="0" ci="8" mb="0" cb="0"/><line nr="80" mi="0" ci="8" mb="0" cb="2"/><line nr="81" mi="0" ci="9" mb="0" cb="0"/><line nr="85" mi="0" ci="8" mb="0" cb="2"/><line nr="86" mi="0" ci="9" mb="0" cb="2"/><line nr="87" mi="0" ci="6" mb="0" cb="0"/><line nr="90" mi="0" ci="1" mb="0" cb="0"/><line nr="91" mi="0" ci="5" mb="0" cb="0"/><line nr="93" mi="0" ci="2" mb="0" cb="0"/><line nr="102" mi="0" ci="2" mb="0" cb="0"/><line nr="103" mi="0" ci="2" mb="0" cb="0"/><line nr="104" mi="0" ci="8" mb="0" cb="2"/><line nr="105" mi="0" ci="6" mb="0" cb="0"/><line nr="106" mi="0" ci="6" mb="0" cb="0"/><line nr="108" mi="0" ci="7" mb="0" cb="2"/><line nr="112" mi="0" ci="3" mb="0" cb="0"/><line nr="116" mi="0" ci="3" mb="0" cb="0"/><line nr="117" mi="0" ci="1" mb="0" cb="0"/><line nr="120" mi="0" ci="3" mb="0" cb="0"/><line nr="124" mi="0" ci="3" mb="0" cb="0"/><line nr="125" mi="0" ci="1" mb="0" cb="0"/><counter type="INSTRUCTION" missed="0" covered="187"/><counter type="BRANCH" missed="0" covered="26"/><counter type="LINE" missed="0" covered="38"/><counter type="COMPLEXITY" missed="0" covered="22"/><counter type="METHOD" missed="0" covered="9"/><counter type="CLASS" missed="0" covered="1"/></sourcefile><counter type="INSTRUCTION" missed="3" covered="191"/><counter type="BRANCH" missed="0" covered="26"/><counter type="LINE" missed="2" covered="40"/><counter type="COMPLEXITY" missed="1" covered="23"/><counter type="METHOD" missed="1" covered="10"/><counter type="CLASS" missed="0" covered="2"/></package><package name="org/mps/selection"><class name="org/mps/selection/SelectionOperator" sourcefilename="SelectionOperator.java"/><class name="org/mps/selection/TournamentSelection" sourcefilename="TournamentSelection.java"><method name="&lt;init&gt;" desc="(I)V" line="30"><counter type="INSTRUCTION" missed="0" covered="19"/><counter type="BRANCH" missed="0" covered="2"/><counter type="LINE" missed="0" covered="6"/><counter type="COMPLEXITY" missed="0" covered="2"/><counter type="METHOD" missed="0" covered="1"/></method><method name="select" desc="([I)[I" line="44"><counter type="INSTRUCTION" missed="0" covered="55"/><counter type="BRANCH" missed="0" covered="12"/><counter type="LINE" missed="0" covered="11"/><counter type="COMPLEXITY" missed="0" covered="7"/><counter type="METHOD" missed="0" covered="1"/></method><counter type="INSTRUCTION" missed="0" covered="74"/><counter type="BRANCH" missed="0" covered="14"/><counter type="LINE" missed="0" covered="17"/><counter type="COMPLEXITY" missed="0" covered="9"/><counter type="METHOD" missed="0" covered="2"/><counter type="CLASS" missed="0" covered="1"/></class><sourcefile name="TournamentSelection.java"><line nr="30" mi="0" ci="5" mb="0" cb="0"/><line nr="33" mi="0" ci="2" mb="0" cb="0"/><line nr="34" mi="0" ci="2" mb="0" cb="2"/><line nr="35" mi="0" ci="4" mb="0" cb="0"/><line nr="37" mi="0" ci="5" mb="0" cb="0"/><line nr="39" mi="0" ci="1" mb="0" cb="0"/><line nr="44" mi="0" ci="5" mb="0" cb="4"/><line nr="45" mi="0" ci="4" mb="0" cb="0"/><line nr="46" mi="0" ci="9" mb="0" cb="2"/><line nr="47" mi="0" ci="2" mb="0" cb="0"/><line nr="48" mi="0" ci="8" mb="0" cb="2"/><line nr="49" mi="0" ci="8" mb="0" cb="0"/><line nr="50" mi="0" ci="6" mb="0" cb="4"/><line nr="51" mi="0" ci="2" mb="0" cb="0"/><line nr="54" mi="0" ci="4" mb="0" cb="0"/><line nr="57" mi="0" ci="5" mb="0" cb="0"/><line nr="59" mi="0" ci="2" mb="0" cb="0"/><counter type="INSTRUCTION" missed="0" covered="74"/><counter type="BRANCH" missed="0" covered="14"/><counter type="LINE" missed="0" covered="17"/><counter type="COMPLEXITY" missed="0" covered="9"/><counter type="METHOD" missed="0" covered="2"/><counter type="CLASS" missed="0" covered="1"/></sourcefile><sourcefile name="SelectionOperator.java"/><counter type="INSTRUCTION" missed="0" covered="74"/><counter type="BRANCH" missed="0" covered="14"/><counter type="LINE" missed="0" covered="17"/><counter type="COMPLEXITY" missed="0" covered="9"/><counter type="METHOD" missed="0" covered="2"/><counter type="CLASS" missed="0" covered="1"/></package><counter type="INSTRUCTION" missed="3" covered="408"/><counter type="BRANCH" missed="0" covered="56"/><counter type="LINE" missed="2" covered="86"/><counter type="COMPLEXITY" missed="1" covered="44"/><counter type="METHOD" missed="1" covered="16"/><counter type="CLASS" missed="0" covered="5"/></report>