<?xml version="1.0" encoding="UTF-8" standalone="yes"?><!DOCTYPE report PUBLIC "-//JACOCO//DTD Report 1.1//EN" "report.dtd"><report name="cajanegra"><sessioninfo id="R2-D2-37737517" start="1713906857122" dump="1713906858044"/><sessioninfo id="R2-D2-3d6413b" start="1713907091072" dump="1713907091936"/><sessioninfo id="R2-D2-534dc0c2" start="1713907268918" dump="1713907269830"/><sessioninfo id="R2-D2-26b5e4ff" start="1713907287595" dump="1713907288495"/><sessioninfo id="R2-D2-e161de6a" start="1713907347843" dump="1713907348701"/><sessioninfo id="R2-D2-7f3bafd4" start="1713907391947" dump="1713907392792"/><sessioninfo id="R2-D2-1d5c216c" start="1713907421474" dump="1713907422323"/><sessioninfo id="R2-D2-9769472d" start="1713907443327" dump="1713907444283"/><sessioninfo id="R2-D2-8c1c6780" start="1713907503111" dump="1713907503981"/><sessioninfo id="R2-D2-7ae11895" start="1713907529694" dump="1713907530620"/><sessioninfo id="R2-D2-f7feb7be" start="1713907551285" dump="1713907552151"/><sessioninfo id="R2-D2-27595ba5" start="1713907576334" dump="1713907577172"/><sessioninfo id="R2-D2-a891fdeb" start="1713907753352" dump="1713907754218"/><sessioninfo id="R2-D2-906258af" start="1713908186421" dump="1713908187241"/><sessioninfo id="R2-D2-68c95cf5" start="1713908398378" dump="1713908399254"/><sessioninfo id="R2-D2-5f54a22c" start="1713908467866" dump="1713908468848"/><sessioninfo id="R2-D2-f3affafb" start="1718036918602" dump="1718036920135"/></report>