<?xml version="1.0" encoding="UTF-8"?>
<testsuite xmlns:xsi="http://www.w3.org/2001/XMLSchema-instance" xsi:noNamespaceSchemaLocation="https://maven.apache.org/surefire/maven-surefire-plugin/xsd/surefire-test-report-3.0.xsd" version="3.0" name="com.NodeLinkedTest" time="0.114" tests="8" errors="0" skipped="0" failures="0">
  <properties>
[...]
</properties>
  <testcase name="testSetAndGetItem" classname="com.NodeLinkedTest" time="0.052"/>
  <testcase name="testSetAndGetPreviousNode" classname="com.NodeLinkedTest" time="0.003"/>
  <testcase name="testNodeCreationWithNullItem" classname="com.NodeLinkedTest" time="0.002"/>
  <testcase name="testSetAndgetNextNode" classname="com.NodeLinkedTest" time="0.001"/>
  <testcase name="testIsFirstNode" classname="com.NodeLinkedTest" time="0.002"/>
  <testcase name="testIsNotATerminalNode" classname="com.NodeLinkedTest" time="0.001"/>
  <testcase name="testIsLastNode" classname="com.NodeLinkedTest" time="0.001"/>
  <testcase name="testNodeCreationWithNonNullItem" classname="com.NodeLinkedTest" time="0.001"/>
</testsuite>